<?xml version="1.0" encoding="UTF-8"?>
<!-- Generated by org.testng.reporters.JUnitReportReporter -->
<testsuite skipped="0" hostname="MyLaptop" name="com.masteringselenium.demo.BasicTest" tests="2" failures="0" timestamp="02 Nov 2018 21:31:07 GMT" time="26.531" errors="0">
  <testcase name="googleCheeseSearch" time="13.386" classname="com.masteringselenium.demo.BasicTest"/>
  <testcase name="googleMilkSearch" time="13.145" classname="com.masteringselenium.demo.BasicTest"/>
</testsuite> <!-- com.masteringselenium.demo.BasicTest -->
